Determining if the Q_WS_WIN exist failed with the following output:
Change Dir: /home/jmagundezg/Universidad/Cuarto/Robotica/ejemplo2/CMakeFiles/CMakeTmp

Run Build Command:"/usr/bin/make" "cmTC_8a832/fast"
/usr/bin/make -f CMakeFiles/cmTC_8a832.dir/build.make CMakeFiles/cmTC_8a832.dir/build
make[1]: se entra en el directorio '/home/jmagundezg/Universidad/Cuarto/Robotica/ejemplo2/CMakeFiles/CMakeTmp'
Building CXX object CMakeFiles/cmTC_8a832.dir/CheckSymbolExists.cxx.o
/usr/bin/c++    -I/usr/include/qt4   -o CMakeFiles/cmTC_8a832.dir/CheckSymbolExists.cxx.o -c /home/jmagundezg/Universidad/Cuarto/Robotica/ejemplo2/CMakeFiles/CMakeTmp/CheckSymbolExists.cxx
/home/jmagundezg/Universidad/Cuarto/Robotica/ejemplo2/CMakeFiles/CMakeTmp/CheckSymbolExists.cxx: In function ‘int main(int, char**)’:
/home/jmagundezg/Universidad/Cuarto/Robotica/ejemplo2/CMakeFiles/CMakeTmp/CheckSymbolExists.cxx:8:19: error: ‘Q_WS_WIN’ was not declared in this scope
   return ((int*)(&Q_WS_WIN))[argc];
                   ^
CMakeFiles/cmTC_8a832.dir/build.make:65: fallo en las instrucciones para el objetivo 'CMakeFiles/cmTC_8a832.dir/CheckSymbolExists.cxx.o'
make[1]: *** [CMakeFiles/cmTC_8a832.dir/CheckSymbolExists.cxx.o] Error 1
make[1]: se sale del directorio '/home/jmagundezg/Universidad/Cuarto/Robotica/ejemplo2/CMakeFiles/CMakeTmp'
Makefile:126: fallo en las instrucciones para el objetivo 'cmTC_8a832/fast'
make: *** [cmTC_8a832/fast] Error 2

File /home/jmagundezg/Universidad/Cuarto/Robotica/ejemplo2/CMakeFiles/CMakeTmp/CheckSymbolExists.cxx:
/* */
#include <QtCore/qglobal.h>

int main(int argc, char** argv)
{
  (void)argv;
#ifndef Q_WS_WIN
  return ((int*)(&Q_WS_WIN))[argc];
#else
  (void)argc;
  return 0;
#endif
}

Determining if the Q_WS_QWS exist failed with the following output:
Change Dir: /home/jmagundezg/Universidad/Cuarto/Robotica/ejemplo2/CMakeFiles/CMakeTmp

Run Build Command:"/usr/bin/make" "cmTC_e434b/fast"
/usr/bin/make -f CMakeFiles/cmTC_e434b.dir/build.make CMakeFiles/cmTC_e434b.dir/build
make[1]: se entra en el directorio '/home/jmagundezg/Universidad/Cuarto/Robotica/ejemplo2/CMakeFiles/CMakeTmp'
Building CXX object CMakeFiles/cmTC_e434b.dir/CheckSymbolExists.cxx.o
/usr/bin/c++    -I/usr/include/qt4   -o CMakeFiles/cmTC_e434b.dir/CheckSymbolExists.cxx.o -c /home/jmagundezg/Universidad/Cuarto/Robotica/ejemplo2/CMakeFiles/CMakeTmp/CheckSymbolExists.cxx
/home/jmagundezg/Universidad/Cuarto/Robotica/ejemplo2/CMakeFiles/CMakeTmp/CheckSymbolExists.cxx: In function ‘int main(int, char**)’:
/home/jmagundezg/Universidad/Cuarto/Robotica/ejemplo2/CMakeFiles/CMakeTmp/CheckSymbolExists.cxx:8:19: error: ‘Q_WS_QWS’ was not declared in this scope
   return ((int*)(&Q_WS_QWS))[argc];
                   ^
CMakeFiles/cmTC_e434b.dir/build.make:65: fallo en las instrucciones para el objetivo 'CMakeFiles/cmTC_e434b.dir/CheckSymbolExists.cxx.o'
make[1]: *** [CMakeFiles/cmTC_e434b.dir/CheckSymbolExists.cxx.o] Error 1
make[1]: se sale del directorio '/home/jmagundezg/Universidad/Cuarto/Robotica/ejemplo2/CMakeFiles/CMakeTmp'
Makefile:126: fallo en las instrucciones para el objetivo 'cmTC_e434b/fast'
make: *** [cmTC_e434b/fast] Error 2

File /home/jmagundezg/Universidad/Cuarto/Robotica/ejemplo2/CMakeFiles/CMakeTmp/CheckSymbolExists.cxx:
/* */
#include <QtCore/qglobal.h>

int main(int argc, char** argv)
{
  (void)argv;
#ifndef Q_WS_QWS
  return ((int*)(&Q_WS_QWS))[argc];
#else
  (void)argc;
  return 0;
#endif
}

Determining if the Q_WS_MAC exist failed with the following output:
Change Dir: /home/jmagundezg/Universidad/Cuarto/Robotica/ejemplo2/CMakeFiles/CMakeTmp

Run Build Command:"/usr/bin/make" "cmTC_a0a26/fast"
/usr/bin/make -f CMakeFiles/cmTC_a0a26.dir/build.make CMakeFiles/cmTC_a0a26.dir/build
make[1]: se entra en el directorio '/home/jmagundezg/Universidad/Cuarto/Robotica/ejemplo2/CMakeFiles/CMakeTmp'
Building CXX object CMakeFiles/cmTC_a0a26.dir/CheckSymbolExists.cxx.o
/usr/bin/c++    -I/usr/include/qt4   -o CMakeFiles/cmTC_a0a26.dir/CheckSymbolExists.cxx.o -c /home/jmagundezg/Universidad/Cuarto/Robotica/ejemplo2/CMakeFiles/CMakeTmp/CheckSymbolExists.cxx
/home/jmagundezg/Universidad/Cuarto/Robotica/ejemplo2/CMakeFiles/CMakeTmp/CheckSymbolExists.cxx: In function ‘int main(int, char**)’:
/home/jmagundezg/Universidad/Cuarto/Robotica/ejemplo2/CMakeFiles/CMakeTmp/CheckSymbolExists.cxx:8:19: error: ‘Q_WS_MAC’ was not declared in this scope
   return ((int*)(&Q_WS_MAC))[argc];
                   ^
CMakeFiles/cmTC_a0a26.dir/build.make:65: fallo en las instrucciones para el objetivo 'CMakeFiles/cmTC_a0a26.dir/CheckSymbolExists.cxx.o'
make[1]: *** [CMakeFiles/cmTC_a0a26.dir/CheckSymbolExists.cxx.o] Error 1
make[1]: se sale del directorio '/home/jmagundezg/Universidad/Cuarto/Robotica/ejemplo2/CMakeFiles/CMakeTmp'
Makefile:126: fallo en las instrucciones para el objetivo 'cmTC_a0a26/fast'
make: *** [cmTC_a0a26/fast] Error 2

File /home/jmagundezg/Universidad/Cuarto/Robotica/ejemplo2/CMakeFiles/CMakeTmp/CheckSymbolExists.cxx:
/* */
#include <QtCore/qglobal.h>

int main(int argc, char** argv)
{
  (void)argv;
#ifndef Q_WS_MAC
  return ((int*)(&Q_WS_MAC))[argc];
#else
  (void)argc;
  return 0;
#endif
}

