Determining if the Q_WS_WIN exist failed with the following output:
Change Dir: /home/jmagundezg/Universidad/Cuarto/Robotica/ejemplo1/CMakeFiles/CMakeTmp

Run Build Command:"/usr/bin/make" "cmTC_8540a/fast"
/usr/bin/make -f CMakeFiles/cmTC_8540a.dir/build.make CMakeFiles/cmTC_8540a.dir/build
make[1]: se entra en el directorio '/home/jmagundezg/Universidad/Cuarto/Robotica/ejemplo1/CMakeFiles/CMakeTmp'
Building CXX object CMakeFiles/cmTC_8540a.dir/CheckSymbolExists.cxx.o
/usr/bin/c++    -I/usr/include/qt4   -o CMakeFiles/cmTC_8540a.dir/CheckSymbolExists.cxx.o -c /home/jmagundezg/Universidad/Cuarto/Robotica/ejemplo1/CMakeFiles/CMakeTmp/CheckSymbolExists.cxx
/home/jmagundezg/Universidad/Cuarto/Robotica/ejemplo1/CMakeFiles/CMakeTmp/CheckSymbolExists.cxx: In function ‘int main(int, char**)’:
/home/jmagundezg/Universidad/Cuarto/Robotica/ejemplo1/CMakeFiles/CMakeTmp/CheckSymbolExists.cxx:8:19: error: ‘Q_WS_WIN’ was not declared in this scope
   return ((int*)(&Q_WS_WIN))[argc];
                   ^
CMakeFiles/cmTC_8540a.dir/build.make:65: fallo en las instrucciones para el objetivo 'CMakeFiles/cmTC_8540a.dir/CheckSymbolExists.cxx.o'
make[1]: *** [CMakeFiles/cmTC_8540a.dir/CheckSymbolExists.cxx.o] Error 1
make[1]: se sale del directorio '/home/jmagundezg/Universidad/Cuarto/Robotica/ejemplo1/CMakeFiles/CMakeTmp'
Makefile:126: fallo en las instrucciones para el objetivo 'cmTC_8540a/fast'
make: *** [cmTC_8540a/fast] Error 2

File /home/jmagundezg/Universidad/Cuarto/Robotica/ejemplo1/CMakeFiles/CMakeTmp/CheckSymbolExists.cxx:
/* */
#include <QtCore/qglobal.h>

int main(int argc, char** argv)
{
  (void)argv;
#ifndef Q_WS_WIN
  return ((int*)(&Q_WS_WIN))[argc];
#else
  (void)argc;
  return 0;
#endif
}

Determining if the Q_WS_QWS exist failed with the following output:
Change Dir: /home/jmagundezg/Universidad/Cuarto/Robotica/ejemplo1/CMakeFiles/CMakeTmp

Run Build Command:"/usr/bin/make" "cmTC_ebdc5/fast"
/usr/bin/make -f CMakeFiles/cmTC_ebdc5.dir/build.make CMakeFiles/cmTC_ebdc5.dir/build
make[1]: se entra en el directorio '/home/jmagundezg/Universidad/Cuarto/Robotica/ejemplo1/CMakeFiles/CMakeTmp'
Building CXX object CMakeFiles/cmTC_ebdc5.dir/CheckSymbolExists.cxx.o
/usr/bin/c++    -I/usr/include/qt4   -o CMakeFiles/cmTC_ebdc5.dir/CheckSymbolExists.cxx.o -c /home/jmagundezg/Universidad/Cuarto/Robotica/ejemplo1/CMakeFiles/CMakeTmp/CheckSymbolExists.cxx
/home/jmagundezg/Universidad/Cuarto/Robotica/ejemplo1/CMakeFiles/CMakeTmp/CheckSymbolExists.cxx: In function ‘int main(int, char**)’:
/home/jmagundezg/Universidad/Cuarto/Robotica/ejemplo1/CMakeFiles/CMakeTmp/CheckSymbolExists.cxx:8:19: error: ‘Q_WS_QWS’ was not declared in this scope
   return ((int*)(&Q_WS_QWS))[argc];
                   ^
CMakeFiles/cmTC_ebdc5.dir/build.make:65: fallo en las instrucciones para el objetivo 'CMakeFiles/cmTC_ebdc5.dir/CheckSymbolExists.cxx.o'
make[1]: *** [CMakeFiles/cmTC_ebdc5.dir/CheckSymbolExists.cxx.o] Error 1
make[1]: se sale del directorio '/home/jmagundezg/Universidad/Cuarto/Robotica/ejemplo1/CMakeFiles/CMakeTmp'
Makefile:126: fallo en las instrucciones para el objetivo 'cmTC_ebdc5/fast'
make: *** [cmTC_ebdc5/fast] Error 2

File /home/jmagundezg/Universidad/Cuarto/Robotica/ejemplo1/CMakeFiles/CMakeTmp/CheckSymbolExists.cxx:
/* */
#include <QtCore/qglobal.h>

int main(int argc, char** argv)
{
  (void)argv;
#ifndef Q_WS_QWS
  return ((int*)(&Q_WS_QWS))[argc];
#else
  (void)argc;
  return 0;
#endif
}

Determining if the Q_WS_MAC exist failed with the following output:
Change Dir: /home/jmagundezg/Universidad/Cuarto/Robotica/ejemplo1/CMakeFiles/CMakeTmp

Run Build Command:"/usr/bin/make" "cmTC_6a176/fast"
/usr/bin/make -f CMakeFiles/cmTC_6a176.dir/build.make CMakeFiles/cmTC_6a176.dir/build
make[1]: se entra en el directorio '/home/jmagundezg/Universidad/Cuarto/Robotica/ejemplo1/CMakeFiles/CMakeTmp'
Building CXX object CMakeFiles/cmTC_6a176.dir/CheckSymbolExists.cxx.o
/usr/bin/c++    -I/usr/include/qt4   -o CMakeFiles/cmTC_6a176.dir/CheckSymbolExists.cxx.o -c /home/jmagundezg/Universidad/Cuarto/Robotica/ejemplo1/CMakeFiles/CMakeTmp/CheckSymbolExists.cxx
/home/jmagundezg/Universidad/Cuarto/Robotica/ejemplo1/CMakeFiles/CMakeTmp/CheckSymbolExists.cxx: In function ‘int main(int, char**)’:
/home/jmagundezg/Universidad/Cuarto/Robotica/ejemplo1/CMakeFiles/CMakeTmp/CheckSymbolExists.cxx:8:19: error: ‘Q_WS_MAC’ was not declared in this scope
   return ((int*)(&Q_WS_MAC))[argc];
                   ^
CMakeFiles/cmTC_6a176.dir/build.make:65: fallo en las instrucciones para el objetivo 'CMakeFiles/cmTC_6a176.dir/CheckSymbolExists.cxx.o'
make[1]: *** [CMakeFiles/cmTC_6a176.dir/CheckSymbolExists.cxx.o] Error 1
make[1]: se sale del directorio '/home/jmagundezg/Universidad/Cuarto/Robotica/ejemplo1/CMakeFiles/CMakeTmp'
Makefile:126: fallo en las instrucciones para el objetivo 'cmTC_6a176/fast'
make: *** [cmTC_6a176/fast] Error 2

File /home/jmagundezg/Universidad/Cuarto/Robotica/ejemplo1/CMakeFiles/CMakeTmp/CheckSymbolExists.cxx:
/* */
#include <QtCore/qglobal.h>

int main(int argc, char** argv)
{
  (void)argv;
#ifndef Q_WS_MAC
  return ((int*)(&Q_WS_MAC))[argc];
#else
  (void)argc;
  return 0;
#endif
}

